<?xml version="1.0" encoding="UTF-8"?>
<!-- Generated by org.testng.reporters.JUnitReportReporter -->
<testsuite skipped="0" hostname="Primroses-MacBook-Pro.local" name="test.NewTest" tests="5" failures="0" timestamp="27 Oct 2018 03:53:09 GMT" time="0.047" errors="0">
  <testcase name="insertA1" time="0.025" classname="test.NewTest"/>
  <testcase name="replace_valid1" time="0.006" classname="test.NewTest"/>
  <testcase name="insertA2" time="0.003" classname="test.NewTest"/>
  <testcase name="replace_valid2" time="0.011" classname="test.NewTest"/>
  <testcase name="replace_inValid1" time="0.002" classname="test.NewTest"/>
</testsuite> <!-- test.NewTest -->
