<?xml version="1.0" encoding="UTF-8"?>
<!-- Generated by org.testng.reporters.JUnitReportReporter -->
<testsuite skipped="0" hostname="Primroses-MacBook-Pro.local" name="test.Q1_05Tests" tests="6" failures="0" timestamp="27 Oct 2018 03:56:52 GMT" time="0.035" errors="0">
  <testcase name="insertA1" time="0.023" classname="test.Q1_05Tests"/>
  <testcase name="replace_inValid2" time="0.003" classname="test.Q1_05Tests"/>
  <testcase name="replace_valid2" time="0.002" classname="test.Q1_05Tests"/>
  <testcase name="insertA2" time="0.002" classname="test.Q1_05Tests"/>
  <testcase name="replace_valid1" time="0.003" classname="test.Q1_05Tests"/>
  <testcase name="replace_inValid1" time="0.002" classname="test.Q1_05Tests"/>
</testsuite> <!-- test.Q1_05Tests -->
